<?xml version="1.0" encoding="UTF-8"?>
<testsuite name="roquiclientsri.MainTest" tests="1" skipped="0" failures="0" errors="0" timestamp="2025-08-23T03:35:09.737Z" hostname="THINKPAD" time="0.011">
  <properties/>
  <testcase name="appHasAGreeting()" classname="roquiclientsri.MainTest" time="0.011"/>
  <system-out><![CDATA[]]></system-out>
  <system-err><![CDATA[]]></system-err>
</testsuite>
